#
# A fatal error has been detected by the Java Runtime Environment:
#
#  EXCEPTION_ACCESS_VIOLATION (0xc0000005) at pc=0x00000000558f9cc0, pid=10704, tid=0x0000000000002a88
#
# JRE version: OpenJDK Runtime Environment (8.0_76-b03) (build 1.8.0_76-release-b03)
# Java VM: OpenJDK 64-Bit Server VM (25.76-b03 mixed mode windows-amd64 compressed oops)
# Problematic frame:
# V  [jvm.dll+0x89cc0]
#
# Failed to write core dump. Minidumps are not enabled by default on client versions of Windows
#
# If you would like to submit a bug report, please visit:
#   http://bugreport.java.com/bugreport/crash.jsp
#

---------------  T H R E A D  ---------------

Current thread (0x000000000211b000):  GCTaskThread [stack: 0x0000000011dd0000,0x0000000011ed0000] [id=10888]

siginfo: ExceptionCode=0xc0000005, reading address 0x0000000515ad1f48

Registers:
RAX=0x0000000000000001, RBX=0x00000000fba61f20, RCX=0x00000000fba61f20, RDX=0x0000000515ad1f40
RSP=0x0000000011ecfae8, RBP=0x0000000000000000, RSI=0x0000000015b33540, RDI=0x000000001b40adb0
R8 =0x0000000015b33540, R9 =0x000000000000000c, R10=0x000000000000000c, R11=0x000000000000000c
R12=0x0000000055e7d410, R13=0x0000008320135b99, R14=0x0000000000000000, R15=0x000000000211b790
RIP=0x00000000558f9cc0, EFLAGS=0x0000000000010202

Top of Stack: (sp=0x0000000011ecfae8)
0x0000000011ecfae8:   0000000055c37792 00000000fba65f08
0x0000000011ecfaf8:   0000000000000003 0000000015b33540
0x0000000011ecfb08:   0000000002112b00 00000000f82c2310
0x0000000011ecfb18:   0000000055c37edb 00000000a7b56f48
0x0000000011ecfb28:   0000000000000400 0000000000000000
0x0000000011ecfb38:   0000000002112b01 0000000055e7d410
0x0000000011ecfb48:   0000000055c37b00 00000000a7b58310
0x0000000011ecfb58:   0000000000000000 0000000015b33540
0x0000000011ecfb68:   000000001b40adb0 00000000a7b58310
0x0000000011ecfb78:   0000000055c384d5 00000000f49ad250
0x0000000011ecfb88:   0000000000000000 0000000015b33540
0x0000000011ecfb98:   000000001ea52000 00000000a7563c01
0x0000000011ecfba8:   0000000055a5deed 0000548bc0efb3e0
0x0000000011ecfbb8:   00000000115fab3d 000000000211b780
0x0000000011ecfbc8:   0000000002112bb0 000000000057cbe0
0x0000000011ecfbd8:   0000000055a641f2 000000000211b000 

Instructions: (pc=0x00000000558f9cc0)
0x00000000558f9ca0:   ac 3a 1d 00 48 8b 9c 24 c0 00 00 00 48 81 c4 b0
0x00000000558f9cb0:   00 00 00 5d c3 cc cc cc cc cc cc cc cc cc cc cc
0x00000000558f9cc0:   44 8b 42 08 4c 8b ca 45 85 c0 7e 0e 41 f6 c0 01
0x00000000558f9cd0:   75 57 41 c1 f8 03 41 8b c0 c3 79 4d 80 3d be 5f 


Register to memory mapping:

RAX=0x0000000000000001 is an unknown value
RBX=0x00000000fba61f20 is an oop

[error occurred during error reporting (printing register info), id 0xc0000005]

Stack: [0x0000000011dd0000,0x0000000011ed0000],  sp=0x0000000011ecfae8,  free space=1022k
Native frames: (J=compiled Java code, j=interpreted, Vv=VM code, C=native code)


---------------  P R O C E S S  ---------------

Java Threads: ( => current thread )
  0x000000001ea5c800 JavaThread "pool-114-thread-4" [_thread_blocked, id=8896, stack(0x00000000350b0000,0x00000000351b0000)]
  0x000000001ea5b800 JavaThread "pool-114-thread-3" [_thread_blocked, id=5796, stack(0x0000000034fb0000,0x00000000350b0000)]
  0x000000001ea50800 JavaThread "pool-114-thread-2" [_thread_blocked, id=3640, stack(0x0000000034eb0000,0x0000000034fb0000)]
  0x000000001ea53800 JavaThread "pool-115-thread-1" [_thread_blocked, id=8256, stack(0x0000000034db0000,0x0000000034eb0000)]
  0x000000001ea57000 JavaThread "pool-114-thread-1" [_thread_blocked, id=80, stack(0x0000000034cb0000,0x0000000034db0000)]
  0x000000001ea52800 JavaThread "pool-111-thread-4" [_thread_blocked, id=3576, stack(0x0000000034bb0000,0x0000000034cb0000)]
  0x000000001ea55000 JavaThread "pool-111-thread-3" [_thread_blocked, id=7552, stack(0x0000000034ab0000,0x0000000034bb0000)]
  0x000000001ea54000 JavaThread "pool-111-thread-2" [_thread_blocked, id=6612, stack(0x00000000349b0000,0x0000000034ab0000)]
  0x000000001ea4f800 JavaThread "pool-112-thread-1" [_thread_blocked, id=9096, stack(0x00000000348b0000,0x00000000349b0000)]
  0x000000001ea55800 JavaThread "pool-111-thread-1" [_thread_blocked, id=9268, stack(0x00000000347b0000,0x00000000348b0000)]
  0x000000001ea52000 JavaThread "pool-101-thread-1" [_thread_blocked, id=9276, stack(0x00000000346b0000,0x00000000347b0000)]
  0x000000001ea59800 JavaThread "pool-108-thread-3" [_thread_blocked, id=4700, stack(0x00000000342b0000,0x00000000343b0000)]
  0x000000001ea58000 JavaThread "pool-109-thread-1" [_thread_blocked, id=6736, stack(0x00000000340b0000,0x00000000341b0000)]
  0x0000000018989800 JavaThread "pool-13-thread-2" [_thread_blocked, id=7240, stack(0x00000000299b0000,0x0000000029ab0000)]
  0x0000000018983000 JavaThread "pool-13-thread-4" [_thread_blocked, id=2688, stack(0x00000000298b0000,0x00000000299b0000)]
  0x0000000018981800 JavaThread "pool-13-thread-3" [_thread_blocked, id=8352, stack(0x00000000297b0000,0x00000000298b0000)]
  0x0000000018982000 JavaThread "pool-13-thread-1" [_thread_blocked, id=7520, stack(0x00000000296b0000,0x00000000297b0000)]
  0x0000000018985000 JavaThread "stdout" daemon [_thread_in_native, id=8332, stack(0x00000000287b0000,0x00000000288b0000)]
  0x0000000018984800 JavaThread "stderr" daemon [_thread_in_native, id=8628, stack(0x00000000286b0000,0x00000000287b0000)]
  0x0000000018983800 JavaThread "stdout" daemon [_thread_in_native, id=8144, stack(0x00000000285b0000,0x00000000286b0000)]
  0x000000001e11f000 JavaThread "stderr" daemon [_thread_in_native, id=10348, stack(0x00000000284b0000,0x00000000285b0000)]
  0x000000001e125800 JavaThread "stdout" daemon [_thread_in_native, id=7164, stack(0x00000000283b0000,0x00000000284b0000)]
  0x000000001e120800 JavaThread "stderr" daemon [_thread_in_native, id=8504, stack(0x00000000282b0000,0x00000000283b0000)]
  0x000000001e124000 JavaThread "stdout" daemon [_thread_in_native, id=5568, stack(0x00000000281b0000,0x00000000282b0000)]
  0x000000001e11f800 JavaThread "stderr" daemon [_thread_in_native, id=6692, stack(0x00000000280b0000,0x00000000281b0000)]
  0x000000001e125000 JavaThread "stdout" daemon [_thread_in_native, id=8228, stack(0x0000000027fb0000,0x00000000280b0000)]
  0x000000001e123800 JavaThread "stderr" daemon [_thread_in_native, id=9456, stack(0x0000000027eb0000,0x0000000027fb0000)]
  0x000000001e122800 JavaThread "stdout" daemon [_thread_in_native, id=2028, stack(0x0000000027db0000,0x0000000027eb0000)]
  0x000000001e122000 JavaThread "stderr" daemon [_thread_in_native, id=8948, stack(0x0000000027cb0000,0x0000000027db0000)]
  0x000000001e121000 JavaThread "stdout" daemon [_thread_in_native, id=368, stack(0x0000000027bb0000,0x0000000027cb0000)]
  0x000000001e117800 JavaThread "stderr" daemon [_thread_in_native, id=6800, stack(0x0000000027ab0000,0x0000000027bb0000)]
  0x000000001e11e000 JavaThread "stdout" daemon [_thread_in_native, id=1956, stack(0x00000000279b0000,0x0000000027ab0000)]
  0x000000001e116800 JavaThread "stderr" daemon [_thread_in_native, id=10408, stack(0x00000000278b0000,0x00000000279b0000)]
  0x000000001e11c000 JavaThread "stdout" daemon [_thread_in_native, id=8296, stack(0x00000000277b0000,0x00000000278b0000)]
  0x000000001e11b000 JavaThread "stderr" daemon [_thread_in_native, id=3196, stack(0x00000000276b0000,0x00000000277b0000)]
  0x000000001e119000 JavaThread "stdout" daemon [_thread_in_native, id=7232, stack(0x00000000275b0000,0x00000000276b0000)]
  0x000000001e11d800 JavaThread "stderr" daemon [_thread_in_native, id=10940, stack(0x00000000274b0000,0x00000000275b0000)]
  0x000000001e11a800 JavaThread "stdout" daemon [_thread_in_native, id=6584, stack(0x00000000273b0000,0x00000000274b0000)]
  0x000000001e119800 JavaThread "stderr" daemon [_thread_in_native, id=1448, stack(0x00000000272b0000,0x00000000273b0000)]
  0x000000001e118000 JavaThread "stdout" daemon [_thread_in_native, id=4620, stack(0x00000000271b0000,0x00000000272b0000)]
  0x000000001e11c800 JavaThread "stderr" daemon [_thread_in_native, id=3464, stack(0x00000000270b0000,0x00000000271b0000)]
  0x000000001b2a7000 JavaThread "stdout" daemon [_thread_in_native, id=7536, stack(0x0000000026fb0000,0x00000000270b0000)]
  0x000000001b2a4800 JavaThread "stderr" daemon [_thread_in_native, id=7348, stack(0x0000000026eb0000,0x0000000026fb0000)]
  0x000000001b2a8800 JavaThread "stdout" daemon [_thread_in_native, id=9940, stack(0x0000000026db0000,0x0000000026eb0000)]
  0x000000001b2a7800 JavaThread "stderr" daemon [_thread_in_native, id=5496, stack(0x0000000026cb0000,0x0000000026db0000)]
  0x000000001b2a3000 JavaThread "stdout" daemon [_thread_in_native, id=5164, stack(0x0000000026bb0000,0x0000000026cb0000)]
  0x000000001b2a6000 JavaThread "stderr" daemon [_thread_in_native, id=9060, stack(0x0000000026ab0000,0x0000000026bb0000)]
  0x000000001b2a2800 JavaThread "stdout" daemon [_thread_in_native, id=9256, stack(0x00000000269b0000,0x0000000026ab0000)]
  0x000000001b2a5800 JavaThread "stderr" daemon [_thread_in_native, id=10908, stack(0x00000000268b0000,0x00000000269b0000)]
  0x000000001b2a4000 JavaThread "stdout" daemon [_thread_in_native, id=784, stack(0x00000000267b0000,0x00000000268b0000)]
  0x000000001b29a800 JavaThread "stderr" daemon [_thread_in_native, id=836, stack(0x00000000266b0000,0x00000000267b0000)]
  0x000000001b2a1800 JavaThread "stdout" daemon [_thread_in_native, id=1804, stack(0x00000000265b0000,0x00000000266b0000)]
  0x000000001b29a000 JavaThread "stdout" daemon [_thread_in_native, id=9816, stack(0x00000000264b0000,0x00000000265b0000)]
  0x000000001b2a0800 JavaThread "stdout" daemon [_thread_in_native, id=5824, stack(0x00000000263b0000,0x00000000264b0000)]
  0x000000001b299000 JavaThread "stderr" daemon [_thread_in_native, id=2796, stack(0x00000000262b0000,0x00000000263b0000)]
  0x000000001b29f000 JavaThread "stderr" daemon [_thread_in_native, id=9408, stack(0x00000000261b0000,0x00000000262b0000)]
  0x000000001b2a0000 JavaThread "stderr" daemon [_thread_in_native, id=3660, stack(0x00000000260b0000,0x00000000261b0000)]
  0x000000001b29d800 JavaThread "png-cruncher_20" daemon [_thread_blocked, id=8636, stack(0x0000000025fb0000,0x00000000260b0000)]
  0x000000001b29e800 JavaThread "png-cruncher_19" daemon [_thread_blocked, id=6328, stack(0x0000000025eb0000,0x0000000025fb0000)]
  0x000000001b29d000 JavaThread "png-cruncher_18" daemon [_thread_blocked, id=1288, stack(0x0000000025db0000,0x0000000025eb0000)]
  0x000000001b29c000 JavaThread "png-cruncher_17" daemon [_thread_blocked, id=1644, stack(0x0000000025cb0000,0x0000000025db0000)]
  0x000000001b29b800 JavaThread "png-cruncher_16" daemon [_thread_blocked, id=10132, stack(0x0000000025bb0000,0x0000000025cb0000)]
  0x000000001dfb2800 JavaThread "png-cruncher_15" daemon [_thread_blocked, id=932, stack(0x0000000025ab0000,0x0000000025bb0000)]
  0x000000001dfb1800 JavaThread "png-cruncher_14" daemon [_thread_blocked, id=2156, stack(0x00000000259b0000,0x0000000025ab0000)]
  0x000000001dfb0000 JavaThread "png-cruncher_13" daemon [_thread_blocked, id=636, stack(0x00000000258b0000,0x00000000259b0000)]
  0x000000001dfb1000 JavaThread "png-cruncher_12" daemon [_thread_blocked, id=8360, stack(0x00000000257b0000,0x00000000258b0000)]
  0x000000001dfb5800 JavaThread "png-cruncher_11" daemon [_thread_blocked, id=8688, stack(0x00000000256b0000,0x00000000257b0000)]
  0x000000001ceee000 JavaThread "png-cruncher_10" daemon [_thread_blocked, id=8216, stack(0x00000000255b0000,0x00000000256b0000)]
  0x000000001ceed000 JavaThread "png-cruncher_9" daemon [_thread_blocked, id=1480, stack(0x00000000254b0000,0x00000000255b0000)]
  0x000000001ceec800 JavaThread "png-cruncher_8" daemon [_thread_blocked, id=856, stack(0x00000000253b0000,0x00000000254b0000)]
  0x000000001ceeb800 JavaThread "png-cruncher_7" daemon [_thread_blocked, id=3844, stack(0x00000000252b0000,0x00000000253b0000)]
  0x000000001ceeb000 JavaThread "png-cruncher_6" daemon [_thread_blocked, id=3984, stack(0x00000000251b0000,0x00000000252b0000)]
  0x000000001ceee800 JavaThread "png-cruncher_5" daemon [_thread_blocked, id=11248, stack(0x00000000250b0000,0x00000000251b0000)]
  0x000000001cee3800 JavaThread "png-cruncher_4" daemon [_thread_blocked, id=4168, stack(0x0000000024fb0000,0x00000000250b0000)]
  0x000000001ceea000 JavaThread "png-cruncher_3" daemon [_thread_blocked, id=8672, stack(0x0000000024eb0000,0x0000000024fb0000)]
  0x000000001cee9800 JavaThread "png-cruncher_2" daemon [_thread_blocked, id=3184, stack(0x0000000024db0000,0x0000000024eb0000)]
  0x000000001cee8800 JavaThread "png-cruncher_1" daemon [_thread_blocked, id=8680, stack(0x0000000024cb0000,0x0000000024db0000)]
  0x000000001cee8000 JavaThread "pool-7-thread-4" [_thread_blocked, id=8732, stack(0x0000000024bb0000,0x0000000024cb0000)]
  0x000000001cee1000 JavaThread "pool-7-thread-3" [_thread_blocked, id=8700, stack(0x0000000024ab0000,0x0000000024bb0000)]
  0x000000001cee4000 JavaThread "pool-7-thread-2" [_thread_blocked, id=8584, stack(0x00000000249b0000,0x0000000024ab0000)]
  0x000000001cee2000 JavaThread "pool-7-thread-1" [_thread_blocked, id=5364, stack(0x00000000248b0000,0x00000000249b0000)]
  0x000000001cedf800 JavaThread "Asynchronous log dispatcher for org.gradle.launcher.daemon.server.DefaultDaemonConnection@fb95d31" [_thread_blocked, id=9104, stack(0x00000000246b0000,0x00000000247b0000)]
  0x000000001cee2800 JavaThread "Daemon worker Thread 2" [_thread_blocked, id=3340, stack(0x00000000245b0000,0x00000000246b0000)]
  0x000000001cee6800 JavaThread "Cancel handler" [_thread_blocked, id=9552, stack(0x00000000244b0000,0x00000000245b0000)]
  0x000000001cee5800 JavaThread "Handler for socket connection from /127.0.0.1:49857 to /127.0.0.1:54876" [_thread_in_native, id=10448, stack(0x00000000243b0000,0x00000000244b0000)]
  0x000000001cee0800 JavaThread "Daemon Thread 2" [_thread_blocked, id=7184, stack(0x00000000242b0000,0x00000000243b0000)]
  0x000000001dfb4000 JavaThread "pool-2-thread-1" [_thread_blocked, id=1816, stack(0x000000001cab0000,0x000000001cbb0000)]
  0x0000000018e42000 JavaThread "File lock request listener" [_thread_in_native, id=10288, stack(0x000000001b7e0000,0x000000001b8e0000)]
  0x00000000184a0000 JavaThread "pool-1-thread-1" [_thread_blocked, id=9732, stack(0x0000000019b10000,0x0000000019c10000)]
  0x00000000186a9800 JavaThread "Incoming local TCP Connector on port 49857" [_thread_in_native, id=9128, stack(0x0000000019730000,0x0000000019830000)]
  0x00000000174b3800 JavaThread "Service Thread" daemon [_thread_blocked, id=3224, stack(0x00000000178b0000,0x00000000179b0000)]
  0x0000000015bcc800 JavaThread "C1 CompilerThread2" daemon [_thread_blocked, id=10884, stack(0x00000000173b0000,0x00000000174b0000)]
  0x0000000015b69000 JavaThread "C2 CompilerThread1" daemon [_thread_blocked, id=9752, stack(0x00000000172b0000,0x00000000173b0000)]
  0x0000000015b76800 JavaThread "C2 CompilerThread0" daemon [_thread_blocked, id=6876, stack(0x00000000171b0000,0x00000000172b0000)]
  0x0000000015b75000 JavaThread "Attach Listener" daemon [_thread_blocked, id=9788, stack(0x00000000170b0000,0x00000000171b0000)]
  0x0000000015b74000 JavaThread "Signal Dispatcher" daemon [_thread_blocked, id=9808, stack(0x0000000016fb0000,0x00000000170b0000)]
  0x0000000015b58800 JavaThread "Finalizer" daemon [_thread_blocked, id=9820, stack(0x0000000016dd0000,0x0000000016ed0000)]
  0x00000000021f0000 JavaThread "Reference Handler" daemon [_thread_blocked, id=9792, stack(0x0000000016cd0000,0x0000000016dd0000)]
  0x0000000002101000 JavaThread "main" [_thread_blocked, id=9784, stack(0x0000000002000000,0x0000000002100000)]

Other Threads:
  0x0000000015b36800 VMThread [stack: 0x0000000016bd0000,0x0000000016cd0000] [id=9760]
  0x00000000174b4800 WatcherThread [stack: 0x00000000179b0000,0x0000000017ab0000] [id=3948]

=>0x000000000211b000 (exited) GCTaskThread [stack: 0x0000000011dd0000,0x0000000011ed0000] [id=10888]

VM state:at safepoint (normal execution)

VM Mutex/Monitor currently owned by a thread:  ([mutex/lock_event])
[0x000000000057c2d0] Threads_lock - owner thread: 0x0000000015b36800
[0x000000000057c650] Heap_lock - owner thread: 0x000000001ea55800

Heap:
 PSYoungGen      total 442368K, used 399812K [0x00000000e0000000, 0x00000000ffa00000, 0x0000000100000000)
  eden space 371712K, 100% used [0x00000000e0000000,0x00000000f6b00000,0x00000000f6b00000)
  from space 70656K, 39% used [0x00000000fb500000,0x00000000fd0713b0,0x00000000ffa00000)
  to   space 73216K, 59% used [0x00000000f6b00000,0x00000000f9586320,0x00000000fb280000)
 ParOldGen       total 197120K, used 127931K [0x00000000a0000000, 0x00000000ac080000, 0x00000000e0000000)
  object space 197120K, 64% used [0x00000000a0000000,0x00000000a7ceef20,0x00000000ac080000)
 Metaspace       used 69485K, capacity 71668K, committed 75520K, reserved 1114112K
  class space    used 8706K, capacity 9124K, committed 9984K, reserved 1048576K

Card table byte_map: [0x00000000115c0000,0x00000000118d0000] byte_map_base: 0x00000000110c0000

Marking Bits: (ParMarkBitMap*) 0x0000000056029d00
 Begin Bits: [0x0000000011ed0000, 0x00000000136d0000)
 End Bits:   [0x00000000136d0000, 0x0000000014ed0000)

Polling page: 0x00000000004f0000

CodeCache: size=245760Kb used=49980Kb max_used=49980Kb free=195779Kb
 bounds [0x0000000002200000, 0x0000000005340000, 0x0000000011200000]
 total_blobs=14652 nmethods=13900 adapters=664
 compilation: enabled

Compilation events (10 events):
Event: 3846.785 Thread 0x0000000015bcc800 17224       2       com.android.dx.rop.code.Rops::opOr (21 bytes)
Event: 3846.785 Thread 0x0000000015bcc800 nmethod 17224 0x0000000004f41a10 code [0x0000000004f41b80, 0x0000000004f41d28]
Event: 3846.875 Thread 0x0000000015bcc800 17226   !   3       com.android.dx.dex.cf.CfTranslator::processMethods (596 bytes)
Event: 3846.876 Thread 0x0000000015b76800 nmethod 17145 0x0000000005317f90 code [0x00000000053182c0, 0x000000000531ba88]
Event: 3846.876 Thread 0x0000000015b76800 17221       4       com.android.dx.rop.code.LocalVariableExtractor::processBlock (327 bytes)
Event: 3846.882 Thread 0x0000000015bcc800 nmethod 17226 0x000000000531f190 code [0x000000000531f920, 0x0000000005325868]
Event: 3846.925 Thread 0x0000000015bcc800 17227       3       com.android.dx.dex.code.OutputFinisher::performExpansion (273 bytes)
Event: 3846.928 Thread 0x0000000015bcc800 nmethod 17227 0x000000000532b290 code [0x000000000532b740, 0x000000000532eed8]
Event: 3846.928 Thread 0x0000000015bcc800 17228       2       com.android.dx.dex.code.SwitchData::shouldPack (50 bytes)
Event: 3846.929 Thread 0x0000000015bcc800 nmethod 17228 0x0000000004d55a50 code [0x0000000004d55bc0, 0x0000000004d55de8]

GC Heap History (10 events):
Event: 3839.199 GC heap after
Heap after GC invocations=30 (full 3):
 PSYoungGen      total 305664K, used 60923K [0x00000000e0000000, 0x00000000fc680000, 0x0000000100000000)
  eden space 244736K, 0% used [0x00000000e0000000,0x00000000e0000000,0x00000000eef00000)
  from space 60928K, 99% used [0x00000000eef00000,0x00000000f2a7edc0,0x00000000f2a80000)
  to   space 77312K, 0% used [0x00000000f7b00000,0x00000000f7b00000,0x00000000fc680000)
 ParOldGen       total 98816K, used 98394K [0x00000000a0000000, 0x00000000a6080000, 0x00000000e0000000)
  object space 98816K, 99% used [0x00000000a0000000,0x00000000a6016ab8,0x00000000a6080000)
 Metaspace       used 72198K, capacity 75456K, committed 75520K, reserved 1114112K
  class space    used 9251K, capacity 9981K, committed 9984K, reserved 1048576K
}
Event: 3839.199 GC heap before
{Heap before GC invocations=31 (full 4):
 PSYoungGen      total 305664K, used 60923K [0x00000000e0000000, 0x00000000fc680000, 0x0000000100000000)
  eden space 244736K, 0% used [0x00000000e0000000,0x00000000e0000000,0x00000000eef00000)
  from space 60928K, 99% used [0x00000000eef00000,0x00000000f2a7edc0,0x00000000f2a80000)
  to   space 77312K, 0% used [0x00000000f7b00000,0x00000000f7b00000,0x00000000fc680000)
 ParOldGen       total 98816K, used 98394K [0x00000000a0000000, 0x00000000a6080000, 0x00000000e0000000)
  object space 98816K, 99% used [0x00000000a0000000,0x00000000a6016ab8,0x00000000a6080000)
 Metaspace       used 72198K, capacity 75456K, committed 75520K, reserved 1114112K
  class space    used 9251K, capacity 9981K, committed 9984K, reserved 1048576K
Event: 3840.412 GC heap after
Heap after GC invocations=31 (full 4):
 PSYoungGen      total 305664K, used 8577K [0x00000000e0000000, 0x00000000fc680000, 0x0000000100000000)
  eden space 244736K, 0% used [0x00000000e0000000,0x00000000e0000000,0x00000000eef00000)
  from space 60928K, 14% used [0x00000000eef00000,0x00000000ef760418,0x00000000f2a80000)
  to   space 77312K, 0% used [0x00000000f7b00000,0x00000000f7b00000,0x00000000fc680000)
 ParOldGen       total 197120K, used 98520K [0x00000000a0000000, 0x00000000ac080000, 0x00000000e0000000)
  object space 197120K, 49% used [0x00000000a0000000,0x00000000a60362f0,0x00000000ac080000)
 Metaspace       used 69400K, capacity 71540K, committed 75520K, reserved 1114112K
  class space    used 8704K, capacity 9124K, committed 9984K, reserved 1048576K
}
Event: 3841.710 GC heap before
{Heap before GC invocations=32 (full 4):
 PSYoungGen      total 305664K, used 253313K [0x00000000e0000000, 0x00000000fc680000, 0x0000000100000000)
  eden space 244736K, 100% used [0x00000000e0000000,0x00000000eef00000,0x00000000eef00000)
  from space 60928K, 14% used [0x00000000eef00000,0x00000000ef760418,0x00000000f2a80000)
  to   space 77312K, 0% used [0x00000000f7b00000,0x00000000f7b00000,0x00000000fc680000)
 ParOldGen       total 197120K, used 98520K [0x00000000a0000000, 0x00000000ac080000, 0x00000000e0000000)
  object space 197120K, 49% used [0x00000000a0000000,0x00000000a60362f0,0x00000000ac080000)
 Metaspace       used 69422K, capacity 71604K, committed 75520K, reserved 1114112K
  class space    used 8704K, capacity 9124K, committed 9984K, reserved 1048576K
Event: 3841.821 GC heap after
Heap after GC invocations=32 (full 4):
 PSYoungGen      total 388096K, used 39370K [0x00000000e0000000, 0x00000000fc500000, 0x0000000100000000)
  eden space 312320K, 0% used [0x00000000e0000000,0x00000000e0000000,0x00000000f3100000)
  from space 75776K, 51% used [0x00000000f7b00000,0x00000000fa172a80,0x00000000fc500000)
  to   space 75776K, 0% used [0x00000000f3100000,0x00000000f3100000,0x00000000f7b00000)
 ParOldGen       total 197120K, used 100506K [0x00000000a0000000, 0x00000000ac080000, 0x00000000e0000000)
  object space 197120K, 50% used [0x00000000a0000000,0x00000000a62268e8,0x00000000ac080000)
 Metaspace       used 69422K, capacity 71604K, committed 75520K, reserved 1114112K
  class space    used 8704K, capacity 9124K, committed 9984K, reserved 1048576K
}
Event: 3843.572 GC heap before
{Heap before GC invocations=33 (full 4):
 PSYoungGen      total 388096K, used 351690K [0x00000000e0000000, 0x00000000fc500000, 0x0000000100000000)
  eden space 312320K, 100% used [0x00000000e0000000,0x00000000f3100000,0x00000000f3100000)
  from space 75776K, 51% used [0x00000000f7b00000,0x00000000fa172a80,0x00000000fc500000)
  to   space 75776K, 0% used [0x00000000f3100000,0x00000000f3100000,0x00000000f7b00000)
 ParOldGen       total 197120K, used 100506K [0x00000000a0000000, 0x00000000ac080000, 0x00000000e0000000)
  object space 197120K, 50% used [0x00000000a0000000,0x00000000a62268e8,0x00000000ac080000)
 Metaspace       used 69472K, capacity 71604K, committed 75520K, reserved 1114112K
  class space    used 8706K, capacity 9124K, committed 9984K, reserved 1048576K
Event: 3843.709 GC heap after
Heap after GC invocations=33 (full 4):
 PSYoungGen      total 388096K, used 45260K [0x00000000e0000000, 0x0000000100000000, 0x0000000100000000)
  eden space 312320K, 0% used [0x00000000e0000000,0x00000000e0000000,0x00000000f3100000)
  from space 75776K, 59% used [0x00000000f3100000,0x00000000f5d33160,0x00000000f7b00000)
  to   space 76800K, 0% used [0x00000000fb500000,0x00000000fb500000,0x0000000100000000)
 ParOldGen       total 197120K, used 114229K [0x00000000a0000000, 0x00000000ac080000, 0x00000000e0000000)
  object space 197120K, 57% used [0x00000000a0000000,0x00000000a6f8d4c0,0x00000000ac080000)
 Metaspace       used 69472K, capacity 71604K, committed 75520K, reserved 1114112K
  class space    used 8706K, capacity 9124K, committed 9984K, reserved 1048576K
}
Event: 3845.351 GC heap before
{Heap before GC invocations=34 (full 4):
 PSYoungGen      total 388096K, used 357580K [0x00000000e0000000, 0x0000000100000000, 0x0000000100000000)
  eden space 312320K, 100% used [0x00000000e0000000,0x00000000f3100000,0x00000000f3100000)
  from space 75776K, 59% used [0x00000000f3100000,0x00000000f5d33160,0x00000000f7b00000)
  to   space 76800K, 0% used [0x00000000fb500000,0x00000000fb500000,0x0000000100000000)
 ParOldGen       total 197120K, used 114229K [0x00000000a0000000, 0x00000000ac080000, 0x00000000e0000000)
  object space 197120K, 57% used [0x00000000a0000000,0x00000000a6f8d4c0,0x00000000ac080000)
 Metaspace       used 69478K, capacity 71604K, committed 75520K, reserved 1114112K
  class space    used 8706K, capacity 9124K, committed 9984K, reserved 1048576K
Event: 3845.430 GC heap after
Heap after GC invocations=34 (full 4):
 PSYoungGen      total 442368K, used 28100K [0x00000000e0000000, 0x00000000ffa00000, 0x0000000100000000)
  eden space 371712K, 0% used [0x00000000e0000000,0x00000000e0000000,0x00000000f6b00000)
  from space 70656K, 39% used [0x00000000fb500000,0x00000000fd0713b0,0x00000000ffa00000)
  to   space 73216K, 0% used [0x00000000f6b00000,0x00000000f6b00000,0x00000000fb280000)
 ParOldGen       total 197120K, used 120222K [0x00000000a0000000, 0x00000000ac080000, 0x00000000e0000000)
  object space 197120K, 60% used [0x00000000a0000000,0x00000000a7567958,0x00000000ac080000)
 Metaspace       used 69478K, capacity 71604K, committed 75520K, reserved 1114112K
  class space    used 8706K, capacity 9124K, committed 9984K, reserved 1048576K
}
Event: 3846.992 GC heap before
{Heap before GC invocations=35 (full 4):
 PSYoungGen      total 442368K, used 399812K [0x00000000e0000000, 0x00000000ffa00000, 0x0000000100000000)
  eden space 371712K, 100% used [0x00000000e0000000,0x00000000f6b00000,0x00000000f6b00000)
  from space 70656K, 39% used [0x00000000fb500000,0x00000000fd0713b0,0x00000000ffa00000)
  to   space 73216K, 0% used [0x00000000f6b00000,0x00000000f6b00000,0x00000000fb280000)
 ParOldGen       total 197120K, used 120222K [0x00000000a0000000, 0x00000000ac080000, 0x00000000e0000000)
  object space 197120K, 60% used [0x00000000a0000000,0x00000000a7567958,0x00000000ac080000)
 Metaspace       used 69485K, capacity 71668K, committed 75520K, reserved 1114112K
  class space    used 8706K, capacity 9124K, committed 9984K, reserved 1048576K

Deoptimization events (10 events):
Event: 3843.298 Thread 0x000000001ea53800 Uncommon trap: reason=class_check action=maybe_recompile pc=0x00000000023e3348 method=com.android.dx.ssa.DomFront.calcDomFronts()V @ 101
Event: 3843.377 Thread 0x000000001ea55000 Uncommon trap: reason=class_check action=maybe_recompile pc=0x00000000023e3348 method=com.android.dx.ssa.DomFront.calcDomFronts()V @ 101
Event: 3843.820 Thread 0x000000001ea52800 Uncommon trap: reason=class_check action=maybe_recompile pc=0x00000000023e3348 method=com.android.dx.ssa.DomFront.calcDomFronts()V @ 101
Event: 3843.867 Thread 0x0000000018981800 Uncommon trap: reason=class_check action=maybe_recompile pc=0x00000000042d302c method=com.android.dx.ssa.DomFront.calcDomFronts()V @ 101
Event: 3844.522 Thread 0x000000001ea53800 Uncommon trap: reason=unstable_if action=reinterpret pc=0x0000000004215fb8 method=com.android.dx.util.ByteArrayAnnotatedOutput.ensureCapacity(I)V @ 6
Event: 3844.668 Thread 0x000000001ea5d000 Uncommon trap: reason=unstable_if action=reinterpret pc=0x0000000004481104 method=com.android.dx.ssa.SsaMethod.getExitBlock()Lcom/android/dx/ssa/SsaBasicBlock; @ 4
Event: 3844.668 Thread 0x000000001ea5d000 Uncommon trap: reason=unstable_if action=reinterpret pc=0x0000000002f99634 method=com.android.dx.ssa.SsaMethod.getExitBlock()Lcom/android/dx/ssa/SsaBasicBlock; @ 4
Event: 3844.669 Thread 0x000000001ea5d000 Uncommon trap: reason=unstable_if action=reinterpret pc=0x0000000005102da4 method=com.android.dx.ssa.SsaMethod.getExitBlock()Lcom/android/dx/ssa/SsaBasicBlock; @ 4
Event: 3845.055 Thread 0x000000001ea5d000 Uncommon trap: reason=unstable_if action=reinterpret pc=0x00000000052c6fe0 method=com.android.dx.rop.code.LocalVariableExtractor.processBlock(I)V @ 208
Event: 3845.959 Thread 0x000000001ea57000 Uncommon trap: reason=unstable_if action=reinterpret pc=0x0000000002a920dc method=java.util.HashMap.getNode(ILjava/lang/Object;)Ljava/util/HashMap$Node; @ 84

Internal exceptions (10 events):
Event: 3792.658 Thread 0x000000001cee2800 Implicit null exception at 0x00000000043fef41 to 0x00000000043fde05
Event: 3793.877 Thread 0x0000000018983000 Implicit null exception at 0x0000000002a0e280 to 0x0000000002a0e6ed
Event: 3793.877 Thread 0x0000000018983000 Implicit null exception at 0x0000000002cb883a to 0x0000000002cb9551
Event: 3816.564 Thread 0x000000001cee2800 Exception <a 'java/lang/NoSuchMethodError': <clinit>> (0x00000000e846d260) thrown at [C:\src\android\AOSP-openjdk\external\jetbrains\jdk\hotspot\src\share\vm\prims\jni.cpp, line 1591]
Event: 3818.847 Thread 0x000000001cee2800 Exception <a 'java/io/FileNotFoundException'> (0x00000000e7f441c0) thrown at [C:\src\android\AOSP-openjdk\external\jetbrains\jdk\hotspot\src\share\vm\prims\jni.cpp, line 709]
Event: 3819.318 Thread 0x000000001cee2800 Implicit null exception at 0x0000000002727d3c to 0x00000000027282dd
Event: 3835.085 Thread 0x000000001898d800 Implicit null exception at 0x00000000042ef289 to 0x00000000042efd89
Event: 3838.681 Thread 0x0000000018990800 Implicit null exception at 0x0000000004f10229 to 0x0000000004f11329
Event: 3841.423 Thread 0x000000001ea55800 Implicit null exception at 0x0000000004f425f5 to 0x0000000004f45651
Event: 3841.432 Thread 0x000000001ea55800 Implicit null exception at 0x000000000515bbe4 to 0x000000000515d845

Events (10 events):
Event: 3846.710 Thread 0x000000001ea5b800 Thread added: 0x000000001ea5b800
Event: 3846.711 Thread 0x000000001ea5c800 Thread added: 0x000000001ea5c800
Event: 3846.788 Thread 0x000000001ea52000 DEOPT PACKING pc=0x0000000004f07f2b sp=0x00000000347af200
Event: 3846.788 Thread 0x000000001ea52000 DEOPT UNPACKING pc=0x00000000022475bf sp=0x00000000347aef30 mode 0
Event: 3846.892 Thread 0x000000001ea5a000 Thread exited: 0x000000001ea5a000
Event: 3846.892 Thread 0x000000001ea58800 Thread exited: 0x000000001ea58800
Event: 3846.895 Thread 0x000000001ea5b000 Thread exited: 0x000000001ea5b000
Event: 3846.925 Thread 0x000000001ea52000 DEOPT PACKING pc=0x0000000004d1e636 sp=0x00000000347aee00
Event: 3846.925 Thread 0x000000001ea52000 DEOPT UNPACKING pc=0x00000000022475bf sp=0x00000000347aebd8 mode 0
Event: 3846.992 Executing VM operation: ParallelGCFailedAllocation


Dynamic libraries:
0x00007ff721730000 - 0x00007ff721761000 	C:\Program Files\Android\Android Studio\jre\bin\java.exe
0x00007fff05a90000 - 0x00007fff05c51000 	C:\WINDOWS\SYSTEM32\ntdll.dll
0x00007fff039d0000 - 0x00007fff03a7d000 	C:\WINDOWS\system32\KERNEL32.DLL
0x00007fff024e0000 - 0x00007fff026c8000 	C:\WINDOWS\system32\KERNELBASE.dll
0x00007fff05980000 - 0x00007fff05a27000 	C:\WINDOWS\system32\ADVAPI32.dll
0x00007fff05410000 - 0x00007fff054ad000 	C:\WINDOWS\system32\msvcrt.dll
0x00007fff03e50000 - 0x00007fff03eab000 	C:\WINDOWS\system32\sechost.dll
0x00007fff05840000 - 0x00007fff0595c000 	C:\WINDOWS\system32\RPCRT4.dll
0x00007fff03c10000 - 0x00007fff03d66000 	C:\WINDOWS\system32\USER32.dll
0x00007fff03a80000 - 0x00007fff03c06000 	C:\WINDOWS\system32\GDI32.dll
0x00007ffefe770000 - 0x00007ffefe9e4000 	C:\WINDOWS\WinSxS\amd64_microsoft.windows.common-controls_6595b64144ccf1df_6.0.10586.672_none_a2d6b3cea53ff843\COMCTL32.dll
0x00007fff02fe0000 - 0x00007fff0325d000 	C:\WINDOWS\system32\combase.dll
0x00007fff02780000 - 0x00007fff027ea000 	C:\WINDOWS\system32\bcryptPrimitives.dll
0x00007fff02e90000 - 0x00007fff02ecb000 	C:\WINDOWS\system32\IMM32.DLL
0x00007fff01410000 - 0x00007fff01441000 	C:\Windows\system32\nvinitx.dll
0x00007fff01360000 - 0x00007fff0136a000 	C:\WINDOWS\SYSTEM32\VERSION.dll
0x0000000057270000 - 0x0000000057276000 	C:\Program Files\NVIDIA Corporation\CoProcManager\_etoured.dll
0x00007ffefef40000 - 0x00007ffefef72000 	C:\Program Files\NVIDIA Corporation\CoProcManager\nvd3d9wrapx.dll
0x00007fff03260000 - 0x00007fff03689000 	C:\WINDOWS\system32\SETUPAPI.dll
0x00007fff027f0000 - 0x00007fff02833000 	C:\WINDOWS\system32\CFGMGR32.dll
0x00007ffefee20000 - 0x00007ffefee42000 	C:\Program Files\NVIDIA Corporation\CoProcManager\nvdxgiwrapx.dll
0x00000000556b0000 - 0x0000000055782000 	C:\Program Files\Android\Android Studio\jre\jre\bin\msvcr100.dll
0x0000000055870000 - 0x00000000560a4000 	C:\Program Files\Android\Android Studio\jre\jre\bin\server\jvm.dll
0x00007fff05610000 - 0x00007fff05618000 	C:\WINDOWS\system32\PSAPI.DLL
0x00007ffefff00000 - 0x00007ffefff09000 	C:\WINDOWS\SYSTEM32\WSOCK32.dll
0x00007fff057d0000 - 0x00007fff0583b000 	C:\WINDOWS\system32\WS2_32.dll
0x00007fff006f0000 - 0x00007fff00713000 	C:\WINDOWS\SYSTEM32\WINMM.dll
0x00007fff006c0000 - 0x00007fff006ec000 	C:\WINDOWS\SYSTEM32\WINMMBASE.dll
0x00007ffef29a0000 - 0x00007ffef29af000 	C:\Program Files\Android\Android Studio\jre\jre\bin\verify.dll
0x00007ffef2970000 - 0x00007ffef2999000 	C:\Program Files\Android\Android Studio\jre\jre\bin\java.dll
0x00007ffeea7f0000 - 0x00007ffeea806000 	C:\Program Files\Android\Android Studio\jre\jre\bin\zip.dll
0x00007fff03eb0000 - 0x00007fff0540c000 	C:\WINDOWS\system32\SHELL32.dll
0x00007fff02840000 - 0x00007fff02e85000 	C:\WINDOWS\system32\windows.storage.dll
0x00007fff03de0000 - 0x00007fff03e32000 	C:\WINDOWS\system32\shlwapi.dll
0x00007fff02100000 - 0x00007fff0210f000 	C:\WINDOWS\system32\kernel.appcore.dll
0x00007fff02310000 - 0x00007fff023c5000 	C:\WINDOWS\system32\shcore.dll
0x00007fff020b0000 - 0x00007fff020fb000 	C:\WINDOWS\system32\powrprof.dll
0x00007fff02110000 - 0x00007fff02124000 	C:\WINDOWS\system32\profapi.dll
0x00007ffedfe60000 - 0x00007ffedfe7a000 	C:\Program Files\Android\Android Studio\jre\jre\bin\net.dll
0x00007fff019e0000 - 0x00007fff01a3c000 	C:\WINDOWS\system32\mswsock.dll
0x00007ffedfd20000 - 0x00007ffedfd31000 	C:\Program Files\Android\Android Studio\jre\jre\bin\nio.dll
0x00007ffef73c0000 - 0x00007ffef73d2000 	C:\Users\Muhamad Muslim Rifai\.gradle\native\19\windows-amd64\native-platform.dll
0x00007fff01a90000 - 0x00007fff01aa7000 	C:\WINDOWS\SYSTEM32\CRYPTSP.dll
0x00007fff01720000 - 0x00007fff01754000 	C:\WINDOWS\system32\rsaenh.dll
0x00007fff01cb0000 - 0x00007fff01cd9000 	C:\WINDOWS\SYSTEM32\bcrypt.dll
0x00007fff01870000 - 0x00007fff0188f000 	C:\WINDOWS\SYSTEM32\USERENV.dll
0x00007fff01bb0000 - 0x00007fff01bbb000 	C:\WINDOWS\SYSTEM32\CRYPTBASE.dll
0x00007ffeff3d0000 - 0x00007ffeff408000 	C:\WINDOWS\SYSTEM32\IPHLPAPI.DLL
0x00007fff03e40000 - 0x00007fff03e48000 	C:\WINDOWS\system32\NSI.dll
0x00007ffef7700000 - 0x00007ffef7716000 	C:\WINDOWS\SYSTEM32\dhcpcsvc6.DLL
0x00007ffef76e0000 - 0x00007ffef76fa000 	C:\WINDOWS\SYSTEM32\dhcpcsvc.DLL
0x00007ffedadd0000 - 0x00007ffedaddd000 	C:\Program Files\Android\Android Studio\jre\jre\bin\management.dll
0x00007ffef5cb0000 - 0x00007ffef5e3c000 	C:\WINDOWS\SYSTEM32\dbghelp.dll

VM Arguments:
jvm_args: -Xmx1536m -Dfile.encoding=windows-1252 -Duser.country=US -Duser.language=en -Duser.variant 
java_command: org.gradle.launcher.daemon.bootstrap.GradleDaemon 2.14.1
java_class_path (initial): C:\Users\Muhamad Muslim Rifai\.gradle\wrapper\dists\gradle-2.14.1-all\8bnwg5hd3w55iofp58khbp6yv\gradle-2.14.1\lib\gradle-launcher-2.14.1.jar
Launcher Type: SUN_STANDARD

Environment Variables:
JAVA_HOME=C:\Program Files\Java\jdk1.8.0_91
PATH=C:\ProgramData\Oracle\Java\javapath;C:\WINDOWS\system32;C:\WINDOWS;C:\WINDOWS\System32\Wbem;C:\WINDOWS\System32\WindowsPowerShell\v1.0\;C:\Program Files\Java\jdk1.7.0_21\bin\;C:\Program Files (x86)\GtkSharp\2.12\bin;C:\Program Files (x86)\PuTTY\;C:\Program Files\Java\jdk1.8.0_91\bin\;C:\Program Files\Git\cmd;C:\xampp\php;C:\ProgramData\ComposerSetup\bin;C:\Program Files (x86)\OpenVPN\bin;;C:\Program Files (x86)\Microsoft VS Code\bin;C:\Users\Muhamad Muslim Rifai\AppData\Roaming\Composer\vendor\bin
USERNAME=Muhamad Muslim Rifai
OS=Windows_NT
PROCESSOR_IDENTIFIER=Intel64 Family 6 Model 42 Stepping 7, GenuineIntel



---------------  S Y S T E M  ---------------

OS: Windows 10.0 , 64 bit Build 10586 (10.0.10586.589)

CPU:total 4 (2 cores per cpu, 2 threads per core) family 6 model 42 stepping 7, cmov, cx8, fxsr, mmx, sse, sse2, sse3, ssse3, sse4.1, sse4.2, popcnt, avx, aes, clmul, ht, tsc, tscinvbit

Memory: 4k page, physical 8269036k(934700k free), swap 14036204k(5364364k free)

vm_info: OpenJDK 64-Bit Server VM (25.76-b03) for windows-amd64 JRE (1.8.0_76-release-b03), built on Jun 29 2016 19:09:20 by "ralucas" with MS VC++ 10.0 (VS2010)

time: Mon Dec 12 23:29:16 2016
elapsed time: 3847 seconds (0d 1h 4m 7s)

